{"/home/dsilva/testerson/server/config.js": {"path":"/home/dsilva/testerson/server/config.js","statementMap":{"0":{"start":{"line":3,"column":19},"end":{"line":3,"column":58}},"1":{"start":{"line":4,"column":13},"end":{"line":4,"column":36}},"2":{"start":{"line":5,"column":23},"end":{"line":5,"column":42}},"3":{"start":{"line":6,"column":24},"end":{"line":6,"column":44}}},"fnMap":{},"branchMap":{"0":{"loc":{"start":{"line":9,"column":8},"end":{"line":9,"column":32}},"type":"binary-expr","locations":[{"start":{"line":9,"column":8},"end":{"line":9,"column":24}},{"start":{"line":9,"column":28},"end":{"line":9,"column":32}}],"line":9}},"s":{"0":1,"1":1,"2":1,"3":1},"f":{},"b":{"0":[1,1]},"_coverageSchema":"1a1c01bbd47fc00a2c39e90264f33305004495a9","hash":"6b177cb6753959799fcaed6fdf63a9feb1d9b146"}
,"/home/dsilva/testerson/server/controller.js": {"path":"/home/dsilva/testerson/server/controller.js","statementMap":{"0":{"start":{"line":5,"column":4},"end":{"line":5,"column":32}},"1":{"start":{"line":8,"column":4},"end":{"line":8,"column":47}}},"fnMap":{"0":{"name":"(anonymous_0)","decl":{"start":{"line":4,"column":2},"end":{"line":4,"column":3}},"loc":{"start":{"line":4,"column":16},"end":{"line":6,"column":3}},"line":4},"1":{"name":"(anonymous_1)","decl":{"start":{"line":7,"column":2},"end":{"line":7,"column":3}},"loc":{"start":{"line":7,"column":32},"end":{"line":9,"column":3}},"line":7}},"branchMap":{},"s":{"0":1,"1":0},"f":{"0":1,"1":0},"b":{},"_coverageSchema":"1a1c01bbd47fc00a2c39e90264f33305004495a9","hash":"9687cbf0f0b7bc77f17e4138e1de671e904c85e5"}
,"/home/dsilva/testerson/server/routes.js": {"path":"/home/dsilva/testerson/server/routes.js","statementMap":{"0":{"start":{"line":9,"column":4},"end":{"line":9,"column":10}},"1":{"start":{"line":11,"column":19},"end":{"line":11,"column":35}},"2":{"start":{"line":14,"column":26},"end":{"line":14,"column":33}},"3":{"start":{"line":16,"column":2},"end":{"line":22,"column":3}},"4":{"start":{"line":17,"column":4},"end":{"line":19,"column":6}},"5":{"start":{"line":21,"column":4},"end":{"line":21,"column":25}},"6":{"start":{"line":24,"column":2},"end":{"line":33,"column":3}},"7":{"start":{"line":25,"column":29},"end":{"line":25,"column":69}},"8":{"start":{"line":32,"column":4},"end":{"line":32,"column":32}},"9":{"start":{"line":35,"column":2},"end":{"line":44,"column":3}},"10":{"start":{"line":36,"column":29},"end":{"line":36,"column":75}},"11":{"start":{"line":43,"column":4},"end":{"line":43,"column":32}},"12":{"start":{"line":47,"column":2},"end":{"line":59,"column":3}},"13":{"start":{"line":48,"column":29},"end":{"line":48,"column":64}},"14":{"start":{"line":50,"column":24},"end":{"line":50,"column":42}},"15":{"start":{"line":52,"column":4},"end":{"line":56,"column":5}},"16":{"start":{"line":53,"column":6},"end":{"line":55,"column":8}},"17":{"start":{"line":58,"column":4},"end":{"line":58,"column":32}},"18":{"start":{"line":61,"column":2},"end":{"line":61,"column":25}},"19":{"start":{"line":62,"column":2},"end":{"line":62,"column":23}},"20":{"start":{"line":66,"column":2},"end":{"line":70,"column":3}},"21":{"start":{"line":67,"column":4},"end":{"line":67,"column":49}},"22":{"start":{"line":68,"column":4},"end":{"line":68,"column":27}},"23":{"start":{"line":69,"column":4},"end":{"line":69,"column":25}},"24":{"start":{"line":72,"column":2},"end":{"line":72,"column":51}},"25":{"start":{"line":76,"column":2},"end":{"line":76,"column":79}},"26":{"start":{"line":76,"column":50},"end":{"line":76,"column":78}}},"fnMap":{"0":{"name":"routes","decl":{"start":{"line":13,"column":15},"end":{"line":13,"column":21}},"loc":{"start":{"line":13,"column":41},"end":{"line":63,"column":1}},"line":13},"1":{"name":"handleError","decl":{"start":{"line":65,"column":9},"end":{"line":65,"column":20}},"loc":{"start":{"line":65,"column":38},"end":{"line":73,"column":1}},"line":65},"2":{"name":"handler","decl":{"start":{"line":75,"column":16},"end":{"line":75,"column":23}},"loc":{"start":{"line":75,"column":43},"end":{"line":77,"column":1}},"line":75},"3":{"name":"(anonymous_3)","decl":{"start":{"line":76,"column":41},"end":{"line":76,"column":42}},"loc":{"start":{"line":76,"column":50},"end":{"line":76,"column":78}},"line":76}},"branchMap":{"0":{"loc":{"start":{"line":16,"column":2},"end":{"line":22,"column":3}},"type":"if","locations":[{"start":{"line":16,"column":2},"end":{"line":22,"column":3}},{"start":{},"end":{}}],"line":16},"1":{"loc":{"start":{"line":16,"column":6},"end":{"line":16,"column":37}},"type":"binary-expr","locations":[{"start":{"line":16,"column":6},"end":{"line":16,"column":22}},{"start":{"line":16,"column":26},"end":{"line":16,"column":37}}],"line":16},"2":{"loc":{"start":{"line":24,"column":2},"end":{"line":33,"column":3}},"type":"if","locations":[{"start":{"line":24,"column":2},"end":{"line":33,"column":3}},{"start":{},"end":{}}],"line":24},"3":{"loc":{"start":{"line":24,"column":6},"end":{"line":24,"column":41}},"type":"binary-expr","locations":[{"start":{"line":24,"column":6},"end":{"line":24,"column":22}},{"start":{"line":24,"column":26},"end":{"line":24,"column":41}}],"line":24},"4":{"loc":{"start":{"line":35,"column":2},"end":{"line":44,"column":3}},"type":"if","locations":[{"start":{"line":35,"column":2},"end":{"line":44,"column":3}},{"start":{},"end":{}}],"line":35},"5":{"loc":{"start":{"line":35,"column":6},"end":{"line":35,"column":47}},"type":"binary-expr","locations":[{"start":{"line":35,"column":6},"end":{"line":35,"column":22}},{"start":{"line":35,"column":26},"end":{"line":35,"column":47}}],"line":35},"6":{"loc":{"start":{"line":47,"column":2},"end":{"line":59,"column":3}},"type":"if","locations":[{"start":{"line":47,"column":2},"end":{"line":59,"column":3}},{"start":{},"end":{}}],"line":47},"7":{"loc":{"start":{"line":52,"column":4},"end":{"line":56,"column":5}},"type":"if","locations":[{"start":{"line":52,"column":4},"end":{"line":56,"column":5}},{"start":{},"end":{}}],"line":52},"8":{"loc":{"start":{"line":66,"column":2},"end":{"line":70,"column":3}},"type":"if","locations":[{"start":{"line":66,"column":2},"end":{"line":70,"column":3}},{"start":{},"end":{}}],"line":66}},"s":{"0":1,"1":1,"2":3,"3":3,"4":1,"5":1,"6":2,"7":1,"8":1,"9":1,"10":1,"11":1,"12":0,"13":0,"14":0,"15":0,"16":0,"17":0,"18":0,"19":0,"20":0,"21":0,"22":0,"23":0,"24":0,"25":3,"26":0},"f":{"0":3,"1":0,"2":3,"3":0},"b":{"0":[1,2],"1":[3,3],"2":[1,1],"3":[2,2],"4":[1,0],"5":[1,1],"6":[0,0],"7":[0,0],"8":[0,0]},"_coverageSchema":"1a1c01bbd47fc00a2c39e90264f33305004495a9","hash":"d09ed01004420cb4226af3657e7eb532df874b69"}
,"/home/dsilva/testerson/server/service.js": {"path":"/home/dsilva/testerson/server/service.js","statementMap":{"0":{"start":{"line":8,"column":4},"end":{"line":8,"column":10}},"1":{"start":{"line":12,"column":4},"end":{"line":12,"column":40}},"2":{"start":{"line":17,"column":25},"end":{"line":17,"column":52}},"3":{"start":{"line":19,"column":4},"end":{"line":19,"column":41}},"4":{"start":{"line":20,"column":21},"end":{"line":20,"column":42}},"5":{"start":{"line":21,"column":4},"end":{"line":24,"column":5}},"6":{"start":{"line":28,"column":27},"end":{"line":28,"column":55}},"7":{"start":{"line":30,"column":4},"end":{"line":33,"column":5}}},"fnMap":{"0":{"name":"(anonymous_0)","decl":{"start":{"line":11,"column":2},"end":{"line":11,"column":3}},"loc":{"start":{"line":11,"column":29},"end":{"line":13,"column":3}},"line":11},"1":{"name":"(anonymous_1)","decl":{"start":{"line":15,"column":2},"end":{"line":15,"column":3}},"loc":{"start":{"line":15,"column":26},"end":{"line":25,"column":3}},"line":15},"2":{"name":"(anonymous_2)","decl":{"start":{"line":27,"column":2},"end":{"line":27,"column":3}},"loc":{"start":{"line":27,"column":28},"end":{"line":34,"column":3}},"line":27}},"branchMap":{},"s":{"0":1,"1":0,"2":0,"3":0,"4":0,"5":0,"6":0,"7":0},"f":{"0":0,"1":0,"2":0},"b":{},"_coverageSchema":"1a1c01bbd47fc00a2c39e90264f33305004495a9","hash":"756644f17b942f5e309e024d2423d8e0ac8ca842"}
,"/home/dsilva/testerson/server/util.js": {"path":"/home/dsilva/testerson/server/util.js","statementMap":{"0":{"start":{"line":3,"column":12},"end":{"line":11,"column":2}},"1":{"start":{"line":13,"column":22},"end":{"line":13,"column":25}}},"fnMap":{},"branchMap":{},"s":{"0":1,"1":1},"f":{},"b":{},"_coverageSchema":"1a1c01bbd47fc00a2c39e90264f33305004495a9","hash":"5af46a69cc2bd09078657c3330a68790d2ddab7d"}
,"/home/dsilva/testerson/tests/unit/_util/testUtil.js": {"path":"/home/dsilva/testerson/tests/unit/_util/testUtil.js","statementMap":{"0":{"start":{"line":6,"column":4},"end":{"line":14,"column":6}},"1":{"start":{"line":8,"column":8},"end":{"line":10,"column":9}},"2":{"start":{"line":9,"column":10},"end":{"line":9,"column":25}},"3":{"start":{"line":12,"column":8},"end":{"line":12,"column":23}},"4":{"start":{"line":18,"column":4},"end":{"line":24,"column":6}},"5":{"start":{"line":20,"column":8},"end":{"line":20,"column":21}},"6":{"start":{"line":22,"column":8},"end":{"line":22,"column":23}},"7":{"start":{"line":28,"column":26},"end":{"line":30,"column":6}},"8":{"start":{"line":32,"column":21},"end":{"line":32,"column":62}},"9":{"start":{"line":34,"column":17},"end":{"line":45,"column":5}},"10":{"start":{"line":47,"column":4},"end":{"line":50,"column":5}},"11":{"start":{"line":48,"column":20},"end":{"line":48,"column":39}}},"fnMap":{"0":{"name":"(anonymous_0)","decl":{"start":{"line":5,"column":2},"end":{"line":5,"column":3}},"loc":{"start":{"line":5,"column":38},"end":{"line":15,"column":3}},"line":5},"1":{"name":"(anonymous_1)","decl":{"start":{"line":7,"column":6},"end":{"line":7,"column":7}},"loc":{"start":{"line":7,"column":13},"end":{"line":13,"column":7}},"line":7},"2":{"name":"(anonymous_2)","decl":{"start":{"line":17,"column":2},"end":{"line":17,"column":3}},"loc":{"start":{"line":17,"column":40},"end":{"line":25,"column":3}},"line":17},"3":{"name":"(anonymous_3)","decl":{"start":{"line":19,"column":6},"end":{"line":19,"column":7}},"loc":{"start":{"line":19,"column":28},"end":{"line":23,"column":7}},"line":19},"4":{"name":"(anonymous_4)","decl":{"start":{"line":27,"column":2},"end":{"line":27,"column":3}},"loc":{"start":{"line":27,"column":31},"end":{"line":51,"column":3}},"line":27},"5":{"name":"(anonymous_5)","decl":{"start":{"line":32,"column":53},"end":{"line":32,"column":54}},"loc":{"start":{"line":32,"column":59},"end":{"line":32,"column":61}},"line":32},"6":{"name":"(anonymous_6)","decl":{"start":{"line":48,"column":14},"end":{"line":48,"column":15}},"loc":{"start":{"line":48,"column":20},"end":{"line":48,"column":39}},"line":48}},"branchMap":{},"s":{"0":5,"1":0,"2":0,"3":0,"4":3,"5":0,"6":0,"7":3,"8":3,"9":3,"10":3,"11":3},"f":{"0":5,"1":0,"2":3,"3":0,"4":3,"5":0,"6":3},"b":{},"_coverageSchema":"1a1c01bbd47fc00a2c39e90264f33305004495a9","hash":"ac2b6f306661b79f685420240417f8c89a04459b"}
}
