TN:
SF:server/config.js
FNF:0
FNH:0
DA:3,3
DA:4,3
DA:5,3
DA:6,3
LF:4
LH:4
BRDA:9,0,0,3
BRDA:9,0,1,0
BRF:2
BRH:1
end_of_record
TN:
SF:server/controller.js
FN:4,(anonymous_0)
FN:7,(anonymous_1)
FNF:2
FNH:2
FNDA:2,(anonymous_0)
FNDA:1,(anonymous_1)
DA:5,2
DA:8,1
LF:2
LH:2
BRF:0
BRH:0
end_of_record
TN:
SF:server/routes.js
FN:13,routes
FN:60,handleError
FN:72,handler
FN:73,(anonymous_3)
FNF:4
FNH:4
FNDA:8,routes
FNDA:2,handleError
FNDA:8,handler
FNDA:2,(anonymous_3)
DA:9,1
DA:11,1
DA:14,8
DA:16,8
DA:17,1
DA:21,1
DA:24,7
DA:25,1
DA:32,1
DA:35,6
DA:36,1
DA:38,1
DA:42,5
DA:43,4
DA:45,2
DA:47,2
DA:48,1
DA:53,2
DA:56,1
DA:57,1
DA:61,2
DA:62,1
DA:63,1
DA:64,1
DA:67,1
DA:68,1
DA:69,1
DA:73,8
LF:28
LH:28
BRDA:16,0,0,1
BRDA:16,0,1,7
BRDA:16,1,0,8
BRDA:16,1,1,7
BRDA:24,2,0,1
BRDA:24,2,1,6
BRDA:24,3,0,7
BRDA:24,3,1,6
BRDA:35,4,0,1
BRDA:35,4,1,5
BRDA:35,5,0,6
BRDA:35,5,1,5
BRDA:42,6,0,4
BRDA:42,6,1,1
BRDA:47,7,0,1
BRDA:47,7,1,1
BRDA:61,8,0,1
BRDA:61,8,1,1
BRF:18
BRH:18
end_of_record
TN:
SF:server/service.js
FN:11,(anonymous_0)
FN:15,(anonymous_1)
FN:27,(anonymous_2)
FNF:3
FNH:3
FNDA:1,(anonymous_0)
FNDA:1,(anonymous_1)
FNDA:1,(anonymous_2)
DA:8,3
DA:12,1
DA:17,1
DA:19,1
DA:20,1
DA:21,1
DA:28,1
DA:30,1
LF:8
LH:8
BRF:0
BRH:0
end_of_record
TN:
SF:server/util.js
FNF:0
FNH:0
DA:3,1
DA:13,1
LF:2
LH:2
BRF:0
BRH:0
end_of_record
